[23:39:28.111][info] [#0:/root/.local/share/nvim/mason/packages/lua-language-server/libexec/main.lua:68]: Lua Lsp startup, root: 	/root/.local/share/nvim/mason/packages/lua-language-server/libexec
[23:39:28.111][info] [#0:/root/.local/share/nvim/mason/packages/lua-language-server/libexec/main.lua:69]: ROOT:	/root/.local/share/nvim/mason/packages/lua-language-server/libexec
[23:39:28.111][info] [#0:/root/.local/share/nvim/mason/packages/lua-language-server/libexec/main.lua:70]: LOGPATH:	/root/.local/share/nvim/mason/packages/lua-language-server/libexec/log
[23:39:28.111][info] [#0:/root/.local/share/nvim/mason/packages/lua-language-server/libexec/main.lua:71]: METAPATH:	/root/.local/share/nvim/mason/packages/lua-language-server/libexec/meta
[23:39:28.111][info] [#0:/root/.local/share/nvim/mason/packages/lua-language-server/libexec/main.lua:72]: VERSION:	3.9.3
[23:39:28.142][info] [#0:script/proto/proto.lua:234]: Listen Mode: stdio
[23:39:28.142][info] [#0:script/service/service.lua:145]: 
========= Medical Examination Report =========
    --------------- Memory ---------------
        Total: 2.202 MB
        # 00 : 2.202 MB
        # 01 : 0.000 MB
        # 02 : 0.000 MB
        # 03 : 0.000 MB
        # 04 : 0.000 MB
    --------------- Coroutine ---------------
        Total:     0
        Running:   0
        Suspended: 0
        Normal:    0
        Dead:      0
    --------------- Cache ---------------
        Total: 1
        Dead:  0
    ---------------  RPC  ---------------
        Holdon:   0
        Waiting:  0
==============================================
[23:39:28.148][info] [#0:script/client.lua:657]: Client init	{
  capabilities = {
    textDocument = {
      callHierarchy = {
        dynamicRegistration = false
      },
      codeAction = {
        codeActionLiteralSupport = {
          codeActionKind = {
            valueSet = { "", "quickfix", "refactor", "refactor.extract", "refactor.inline", "refactor.rewrite", "source", "source.organizeImports" }
          }
        },
        dataSupport = true,
        dynamicRegistration = false,
        isPreferredSupport = true,
        resolveSupport = {
          properties = { "edit" }
        }
      },
      completion = {
        completionItem = {
          commitCharactersSupport = false,
          deprecatedSupport = false,
          documentationFormat = { "markdown", "plaintext" },
          preselectSupport = false,
          snippetSupport = false
        },
        completionItemKind = {
          valueSet = { 1, 2, 3, 4, 5, 6, 7, 8, 9, 10, 11, 12, 13, 14, 15, 16, 17, 18, 19, 20, 21, 22, 23, 24, 25 }
        },
        contextSupport = false,
        dynamicRegistration = false
      },
      declaration = {
        linkSupport = true
      },
      definition = {
        linkSupport = true
      },
      documentHighlight = {
        dynamicRegistration = false
      },
      documentSymbol = {
        dynamicRegistration = false,
        hierarchicalDocumentSymbolSupport = true,
        symbolKind = {
          valueSet = { 1, 2, 3, 4, 5, 6, 7, 8, 9, 10, 11, 12, 13, 14, 15, 16, 17, 18, 19, 20, 21, 22, 23, 24, 25, 26 }
        }
      },
      hover = {
        contentFormat = { "markdown", "plaintext" },
        dynamicRegistration = false
      },
      implementation = {
        linkSupport = true
      },
      publishDiagnostics = {
        relatedInformation = true,
        tagSupport = {
          valueSet = { 1, 2 }
        }
      },
      references = {
        dynamicRegistration = false
      },
      rename = {
        dynamicRegistration = false,
        prepareSupport = true
      },
      semanticTokens = {
        augmentsSyntaxTokens = true,
        dynamicRegistration = false,
        formats = { "relative" },
        multilineTokenSupport = false,
        overlappingTokenSupport = true,
        requests = {
          full = {
            delta = true
          },
          range = false
        },
        serverCancelSupport = false,
        tokenModifiers = { "declaration", "definition", "readonly", "static", "deprecated", "abstract", "async", "modification", "documentation", "defaultLibrary" },
        tokenTypes = { "namespace", "type", "class", "enum", "interface", "struct", "typeParameter", "parameter", "variable", "property", "enumMember", "event", "function", "method", "macro", "keyword", "modifier", "comment", "string", "number", "regexp", "operator", "decorator" }
      },
      signatureHelp = {
        dynamicRegistration = false,
        signatureInformation = {
          activeParameterSupport = true,
          documentationFormat = { "markdown", "plaintext" },
          parameterInformation = {
            labelOffsetSupport = true
          }
        }
      },
      synchronization = {
        didSave = true,
        dynamicRegistration = false,
        willSave = true,
        willSaveWaitUntil = true
      },
      typeDefinition = {
        linkSupport = true
      }
    },
    window = {
      showDocument = {
        support = true
      },
      showMessage = {
        messageActionItem = {
          additionalPropertiesSupport = false
        }
      },
      workDoneProgress = true
    },
    workspace = {
      applyEdit = true,
      configuration = true,
      didChangeWatchedFiles = {
        dynamicRegistration = false,
        relativePatternSupport = true
      },
      semanticTokens = {
        refreshSupport = true
      },
      symbol = {
        dynamicRegistration = false,
        hierarchicalWorkspaceSymbolSupport = true,
        symbolKind = {
          valueSet = { 1, 2, 3, 4, 5, 6, 7, 8, 9, 10, 11, 12, 13, 14, 15, 16, 17, 18, 19, 20, 21, 22, 23, 24, 25, 26 }
        }
      },
      workspaceEdit = {
        resourceOperations = { "rename", "create", "delete" }
      },
      workspaceFolders = true
    }
  },
  clientInfo = {
    name = "Neovim",
    version = "0.9.5"
  },
  initializationOptions = {},
  processId = 24294,
  rootPath = "/root/.config/nvim",
  rootUri = "file:///root/.config/nvim",
  trace = "off",
  workspaceFolders = { {
      name = "/root/.config/nvim",
      uri = "file:///root/.config/nvim"
    } }
}
[23:39:28.149][info] [#0:script/language.lua:137]: VSC language: nil
[23:39:28.149][info] [#0:script/language.lua:138]: LS  language: en-us
[23:39:28.149][info] [#0:script/workspace/workspace.lua:38]: Workspace init root: 	file:///root/.config/nvim
[23:39:28.149][info] [#0:script/workspace/workspace.lua:42]: Log path: 	/root/.local/share/nvim/mason/packages/lua-language-server/libexec/log/file_root_.config_nvim.log
[23:39:28.150][info] [#0:script/workspace/workspace.lua:48]: Workspace create: 	file:///root/.config/nvim
[23:39:28.253][warn] [#0:script/config/loader.lua:116]: No config?	{}
[23:39:28.354][warn] [#0:script/config/loader.lua:116]: No config?	{}
[23:39:28.354][info] [#0:script/provider/provider.lua:61]: Load config from client	fallback
[23:39:28.354][info] [#0:script/provider/provider.lua:62]: nil
[23:39:28.470][info] [#0:script/library.lua:212]: Init builtin library at:	file:///root/.config/nvim
[23:39:28.492][info] [#0:script/library.lua:212]: Init builtin library at:	nil
[23:39:28.611][info] [#0:script/workspace/workspace.lua:324]: Preload start:	file:///root/.config/nvim
[23:39:28.614][info] [#0:script/workspace/workspace.lua:330]: Scan files at:	file:///root/.config/nvim
[23:39:28.616][info] [#0:script/workspace/workspace.lua:324]: Preload start:	<fallback>
[23:39:28.621][info] [#0:script/workspace/workspace.lua:353]: Scan library at:	file:///root/.local/share/nvim/mason/packages/lua-language-server/libexec/meta/Lua%205.4%20en-us%20utf8/builtin.lua
[23:39:28.621][info] [#0:script/workspace/workspace.lua:353]: Scan library at:	file:///root/.local/share/nvim/mason/packages/lua-language-server/libexec/meta/Lua%205.4%20en-us%20utf8/utf8.lua
[23:39:28.623][info] [#0:script/workspace/workspace.lua:353]: Scan library at:	file:///root/.local/share/nvim/mason/packages/lua-language-server/libexec/meta/Lua%205.4%20en-us%20utf8/debug.lua
[23:39:28.623][info] [#0:script/workspace/workspace.lua:353]: Scan library at:	file:///root/.local/share/nvim/mason/packages/lua-language-server/libexec/meta/Lua%205.4%20en-us%20utf8/string.lua
[23:39:28.623][info] [#0:script/workspace/workspace.lua:353]: Scan library at:	file:///root/.local/share/nvim/mason/packages/lua-language-server/libexec/meta/Lua%205.4%20en-us%20utf8/os.lua
[23:39:28.624][info] [#0:script/workspace/workspace.lua:353]: Scan library at:	file:///root/.local/share/nvim/mason/packages/lua-language-server/libexec/meta/Lua%205.4%20en-us%20utf8/math.lua
[23:39:28.624][info] [#0:script/workspace/workspace.lua:353]: Scan library at:	file:///root/.local/share/nvim/mason/packages/lua-language-server/libexec/meta/Lua%205.4%20en-us%20utf8/io.lua
[23:39:28.625][info] [#0:script/workspace/workspace.lua:353]: Scan library at:	file:///root/.local/share/nvim/mason/packages/lua-language-server/libexec/meta/Lua%205.4%20en-us%20utf8/package.lua
[23:39:28.625][info] [#0:script/workspace/workspace.lua:353]: Scan library at:	file:///root/.local/share/nvim/mason/packages/lua-language-server/libexec/meta/Lua%205.4%20en-us%20utf8/table.lua
[23:39:28.625][info] [#0:script/workspace/workspace.lua:353]: Scan library at:	file:///root/.local/share/nvim/mason/packages/lua-language-server/libexec/meta/Lua%205.4%20en-us%20utf8/coroutine.lua
[23:39:28.626][info] [#0:script/workspace/workspace.lua:353]: Scan library at:	file:///root/.local/share/nvim/mason/packages/lua-language-server/libexec/meta/Lua%205.4%20en-us%20utf8/basic.lua
[23:39:28.628][info] [#0:script/workspace/workspace.lua:353]: Scan library at:	file:///root/.local/share/nvim/mason/packages/lua-language-server/libexec/meta/Lua%205.4%20en-us%20utf8/builtin.lua
[23:39:28.629][info] [#0:script/workspace/workspace.lua:353]: Scan library at:	file:///root/.local/share/nvim/mason/packages/lua-language-server/libexec/meta/Lua%205.4%20en-us%20utf8/utf8.lua
[23:39:28.629][info] [#0:script/workspace/workspace.lua:353]: Scan library at:	file:///root/.local/share/nvim/mason/packages/lua-language-server/libexec/meta/Lua%205.4%20en-us%20utf8/debug.lua
[23:39:28.629][info] [#0:script/workspace/workspace.lua:353]: Scan library at:	file:///root/.local/share/nvim/mason/packages/lua-language-server/libexec/meta/Lua%205.4%20en-us%20utf8/string.lua
[23:39:28.629][info] [#0:script/workspace/workspace.lua:353]: Scan library at:	file:///root/.local/share/nvim/mason/packages/lua-language-server/libexec/meta/Lua%205.4%20en-us%20utf8/os.lua
[23:39:28.629][info] [#0:script/workspace/workspace.lua:353]: Scan library at:	file:///root/.local/share/nvim/mason/packages/lua-language-server/libexec/meta/Lua%205.4%20en-us%20utf8/math.lua
[23:39:28.630][info] [#0:script/workspace/workspace.lua:353]: Scan library at:	file:///root/.local/share/nvim/mason/packages/lua-language-server/libexec/meta/Lua%205.4%20en-us%20utf8/io.lua
[23:39:28.630][info] [#0:script/workspace/workspace.lua:353]: Scan library at:	file:///root/.local/share/nvim/mason/packages/lua-language-server/libexec/meta/Lua%205.4%20en-us%20utf8/package.lua
[23:39:28.630][info] [#0:script/workspace/workspace.lua:353]: Scan library at:	file:///root/.local/share/nvim/mason/packages/lua-language-server/libexec/meta/Lua%205.4%20en-us%20utf8/table.lua
[23:39:28.630][info] [#0:script/workspace/workspace.lua:353]: Scan library at:	file:///root/.local/share/nvim/mason/packages/lua-language-server/libexec/meta/Lua%205.4%20en-us%20utf8/coroutine.lua
[23:39:28.630][info] [#0:script/workspace/workspace.lua:353]: Scan library at:	file:///root/.local/share/nvim/mason/packages/lua-language-server/libexec/meta/Lua%205.4%20en-us%20utf8/basic.lua
[23:39:28.731][info] [#0:script/workspace/workspace.lua:379]: Found 11 files at:	<fallback>
[23:39:28.731][info] [#0:script/workspace/loading.lua:161]: Load files from disk:	<fallback>
[23:39:28.731][info] [#0:script/workspace/workspace.lua:379]: Found 36 files at:	file:///root/.config/nvim
[23:39:28.731][info] [#0:script/workspace/loading.lua:161]: Load files from disk:	file:///root/.config/nvim
[23:39:28.733][info] [#0:script/workspace/loading.lua:101]: Preload file at: file:///root/.local/share/nvim/mason/packages/lua-language-server/libexec/meta/Lua%205.4%20en-us%20utf8/basic.lua , size = 15.619 KB
[23:39:28.749][info] [#0:script/workspace/loading.lua:113]: ++++As library of:	file:///root/.local/share/nvim/mason/packages/lua-language-server/libexec/meta/Lua%205.4%20en-us%20utf8/basic.lua
[23:39:28.749][info] [#0:script/workspace/loading.lua:101]: Preload file at: file:///root/.local/share/nvim/mason/packages/lua-language-server/libexec/meta/Lua%205.4%20en-us%20utf8/coroutine.lua , size = 2.590 KB
[23:39:28.752][info] [#0:script/workspace/loading.lua:113]: ++++As library of:	file:///root/.local/share/nvim/mason/packages/lua-language-server/libexec/meta/Lua%205.4%20en-us%20utf8/coroutine.lua
[23:39:28.752][info] [#0:script/workspace/loading.lua:98]: Skip loaded file: file:///root/.local/share/nvim/mason/packages/lua-language-server/libexec/meta/Lua%205.4%20en-us%20utf8/coroutine.lua
[23:39:28.752][info] [#0:script/workspace/loading.lua:101]: Preload file at: file:///root/.local/share/nvim/mason/packages/lua-language-server/libexec/meta/Lua%205.4%20en-us%20utf8/table.lua , size = 4.235 KB
[23:39:28.755][info] [#0:script/workspace/loading.lua:113]: ++++As library of:	file:///root/.local/share/nvim/mason/packages/lua-language-server/libexec/meta/Lua%205.4%20en-us%20utf8/table.lua
[23:39:28.755][info] [#0:script/workspace/loading.lua:98]: Skip loaded file: file:///root/.local/share/nvim/mason/packages/lua-language-server/libexec/meta/Lua%205.4%20en-us%20utf8/table.lua
[23:39:28.755][info] [#0:script/workspace/loading.lua:101]: Preload file at: file:///root/.local/share/nvim/mason/packages/lua-language-server/libexec/meta/Lua%205.4%20en-us%20utf8/package.lua , size = 2.944 KB
[23:39:28.757][info] [#0:script/workspace/loading.lua:113]: ++++As library of:	file:///root/.local/share/nvim/mason/packages/lua-language-server/libexec/meta/Lua%205.4%20en-us%20utf8/package.lua
[23:39:28.757][info] [#0:script/workspace/loading.lua:98]: Skip loaded file: file:///root/.local/share/nvim/mason/packages/lua-language-server/libexec/meta/Lua%205.4%20en-us%20utf8/basic.lua
[23:39:28.757][info] [#0:script/workspace/loading.lua:98]: Skip loaded file: file:///root/.local/share/nvim/mason/packages/lua-language-server/libexec/meta/Lua%205.4%20en-us%20utf8/package.lua
[23:39:28.757][info] [#0:script/workspace/loading.lua:101]: Preload file at: file:///root/.local/share/nvim/mason/packages/lua-language-server/libexec/meta/Lua%205.4%20en-us%20utf8/io.lua , size = 6.364 KB
[23:39:28.762][info] [#0:script/workspace/loading.lua:113]: ++++As library of:	file:///root/.local/share/nvim/mason/packages/lua-language-server/libexec/meta/Lua%205.4%20en-us%20utf8/io.lua
[23:39:28.762][info] [#0:script/workspace/loading.lua:101]: Preload file at: file:///root/.local/share/nvim/mason/packages/lua-language-server/libexec/meta/Lua%205.4%20en-us%20utf8/math.lua , size = 8.509 KB
[23:39:28.772][info] [#0:script/workspace/loading.lua:113]: ++++As library of:	file:///root/.local/share/nvim/mason/packages/lua-language-server/libexec/meta/Lua%205.4%20en-us%20utf8/math.lua
[23:39:28.772][info] [#0:script/workspace/loading.lua:98]: Skip loaded file: file:///root/.local/share/nvim/mason/packages/lua-language-server/libexec/meta/Lua%205.4%20en-us%20utf8/io.lua
[23:39:28.772][info] [#0:script/workspace/loading.lua:101]: Preload file at: file:///root/.local/share/nvim/mason/packages/lua-language-server/libexec/meta/Lua%205.4%20en-us%20utf8/os.lua , size = 5.600 KB
[23:39:28.776][info] [#0:script/workspace/loading.lua:113]: ++++As library of:	file:///root/.local/share/nvim/mason/packages/lua-language-server/libexec/meta/Lua%205.4%20en-us%20utf8/os.lua
[23:39:28.776][info] [#0:script/workspace/loading.lua:98]: Skip loaded file: file:///root/.local/share/nvim/mason/packages/lua-language-server/libexec/meta/Lua%205.4%20en-us%20utf8/math.lua
[23:39:28.776][info] [#0:script/workspace/loading.lua:98]: Skip loaded file: file:///root/.local/share/nvim/mason/packages/lua-language-server/libexec/meta/Lua%205.4%20en-us%20utf8/os.lua
[23:39:28.777][info] [#0:script/workspace/loading.lua:101]: Preload file at: file:///root/.local/share/nvim/mason/packages/lua-language-server/libexec/meta/Lua%205.4%20en-us%20utf8/string.lua , size = 6.341 KB
[23:39:28.782][info] [#0:script/workspace/loading.lua:113]: ++++As library of:	file:///root/.local/share/nvim/mason/packages/lua-language-server/libexec/meta/Lua%205.4%20en-us%20utf8/string.lua
[23:39:28.782][info] [#0:script/workspace/loading.lua:98]: Skip loaded file: file:///root/.local/share/nvim/mason/packages/lua-language-server/libexec/meta/Lua%205.4%20en-us%20utf8/string.lua
[23:39:28.782][info] [#0:script/workspace/loading.lua:101]: Preload file at: file:///root/.local/share/nvim/mason/packages/lua-language-server/libexec/meta/Lua%205.4%20en-us%20utf8/debug.lua , size = 7.637 KB
[23:39:28.789][info] [#0:script/workspace/loading.lua:113]: ++++As library of:	file:///root/.local/share/nvim/mason/packages/lua-language-server/libexec/meta/Lua%205.4%20en-us%20utf8/debug.lua
[23:39:28.789][info] [#0:script/workspace/loading.lua:89]: Skip loaded file: file:///root/.local/share/nvim/mason/packages/lua-language-server/libexec/meta/Lua%205.4%20en-us%20utf8/debug.lua
[23:39:28.789][info] [#0:script/workspace/loading.lua:113]: ++++As library of:	file:///root/.local/share/nvim/mason/packages/lua-language-server/libexec/meta/Lua%205.4%20en-us%20utf8/debug.lua
[23:39:28.790][info] [#0:script/workspace/loading.lua:101]: Preload file at: file:///root/.local/share/nvim/mason/packages/lua-language-server/libexec/meta/Lua%205.4%20en-us%20utf8/utf8.lua , size = 2.386 KB
[23:39:28.792][info] [#0:script/workspace/loading.lua:113]: ++++As library of:	file:///root/.local/share/nvim/mason/packages/lua-language-server/libexec/meta/Lua%205.4%20en-us%20utf8/utf8.lua
[23:39:28.792][info] [#0:script/workspace/loading.lua:98]: Skip loaded file: file:///root/.local/share/nvim/mason/packages/lua-language-server/libexec/meta/Lua%205.4%20en-us%20utf8/utf8.lua
[23:39:28.792][info] [#0:script/workspace/loading.lua:101]: Preload file at: file:///root/.local/share/nvim/mason/packages/lua-language-server/libexec/meta/Lua%205.4%20en-us%20utf8/builtin.lua , size = 0.302 KB
[23:39:28.793][info] [#0:script/workspace/loading.lua:113]: ++++As library of:	file:///root/.local/share/nvim/mason/packages/lua-language-server/libexec/meta/Lua%205.4%20en-us%20utf8/builtin.lua
[23:39:28.793][info] [#0:script/workspace/loading.lua:89]: Skip loaded file: file:///root/.local/share/nvim/mason/packages/lua-language-server/libexec/meta/Lua%205.4%20en-us%20utf8/builtin.lua
[23:39:28.793][info] [#0:script/workspace/loading.lua:113]: ++++As library of:	file:///root/.local/share/nvim/mason/packages/lua-language-server/libexec/meta/Lua%205.4%20en-us%20utf8/builtin.lua
[23:39:28.793][info] [#0:script/workspace/loading.lua:173]: Loaded files takes [0.066] sec: <fallback>
[23:39:28.793][info] [#0:script/workspace/loading.lua:182]: Compile files takes [0.000] sec: <fallback>
[23:39:28.793][info] [#0:script/workspace/loading.lua:183]: Loaded finish:	<fallback>
[23:39:28.793][info] [#0:script/workspace/workspace.lua:381]: Preload finish at:	<fallback>
[23:39:28.801][info] [#0:script/workspace/loading.lua:101]: Preload file at: file:///root/.config/nvim/lua/plugins/rust-tools.lua , size = 0.113 KB
[23:39:28.802][info] [#0:script/workspace/loading.lua:101]: Preload file at: file:///root/.config/nvim/lua/plugins/mason.lua , size = 0.226 KB
[23:39:28.802][info] [#0:script/workspace/loading.lua:101]: Preload file at: file:///root/.config/nvim/lua/plugins/interestingwords.lua , size = 0.062 KB
[23:39:28.803][info] [#0:script/workspace/loading.lua:101]: Preload file at: file:///root/.config/nvim/lua/plugins/nvim-lspconfig.lua , size = 0.551 KB
[23:39:28.804][info] [#0:script/workspace/loading.lua:101]: Preload file at: file:///root/.config/nvim/lua/plugins/none-ls.lua , size = 0.875 KB
[23:39:28.805][info] [#0:script/workspace/loading.lua:101]: Preload file at: file:///root/.config/nvim/lua/plugins/todo-comments.lua , size = 0.226 KB
[23:39:28.805][info] [#0:script/workspace/loading.lua:101]: Preload file at: file:///root/.config/nvim/lua/plugins/comment.lua , size = 0.132 KB
[23:39:28.806][info] [#0:script/workspace/loading.lua:101]: Preload file at: file:///root/.config/nvim/lua/plugins/dashboard-nvim.lua , size = 1.975 KB
[23:39:28.807][info] [#0:script/workspace/loading.lua:101]: Preload file at: file:///root/.config/nvim/lua/plugins/outline.lua , size = 0.294 KB
[23:39:28.807][info] [#0:script/workspace/loading.lua:101]: Preload file at: file:///root/.config/nvim/lua/plugins/nvim-surround.lua , size = 0.265 KB
[23:39:28.808][info] [#0:script/workspace/loading.lua:101]: Preload file at: file:///root/.config/nvim/lua/plugins/bufferline.lua , size = 0.542 KB
[23:39:28.808][info] [#0:script/workspace/loading.lua:101]: Preload file at: file:///root/.config/nvim/lua/plugins/catppuccin.lua , size = 0.131 KB
[23:39:28.809][info] [#0:script/workspace/loading.lua:101]: Preload file at: file:///root/.config/nvim/lua/plugins/mason-lspconfig.lua , size = 0.194 KB
[23:39:28.809][info] [#0:script/workspace/loading.lua:101]: Preload file at: file:///root/.config/nvim/lua/plugins/nvim-tree.lua , size = 0.310 KB
[23:39:28.810][info] [#0:script/workspace/loading.lua:101]: Preload file at: file:///root/.config/nvim/lua/plugins/telescope.lua , size = 0.106 KB
[23:39:28.810][info] [#0:script/workspace/loading.lua:101]: Preload file at: file:///root/.config/nvim/lua/plugins/nvim-cmp.lua , size = 2.497 KB
[23:39:28.811][info] [#0:script/workspace/loading.lua:101]: Preload file at: file:///root/.config/nvim/lua/plugins/lualine.lua , size = 0.862 KB
[23:39:28.812][info] [#0:script/workspace/loading.lua:101]: Preload file at: file:///root/.config/nvim/lua/plugins/nvim-autopairs.lua , size = 0.160 KB
[23:39:28.813][info] [#0:script/workspace/loading.lua:101]: Preload file at: file:///root/.config/nvim/lua/plugins/lspsaga.lua , size = 1.318 KB
[23:39:28.814][info] [#0:script/workspace/loading.lua:101]: Preload file at: file:///root/.config/nvim/lua/plugins/which-key.lua , size = 0.270 KB
[23:39:28.815][info] [#0:script/workspace/loading.lua:101]: Preload file at: file:///root/.config/nvim/lua/plugins/nvim-treesitter.lua , size = 0.509 KB
[23:39:28.815][info] [#0:script/workspace/loading.lua:101]: Preload file at: file:///root/.config/nvim/lua/config/keybindings.lua , size = 6.467 KB
[23:39:28.822][info] [#0:script/workspace/loading.lua:101]: Preload file at: file:///root/.config/nvim/lua/config/lazy.lua , size = 0.428 KB
[23:39:28.824][info] [#0:script/workspace/loading.lua:101]: Preload file at: file:///root/.config/nvim/lua/config/basic.lua , size = 2.161 KB
[23:39:28.832][info] [#0:script/workspace/loading.lua:89]: Skip loaded file: file:///root/.config/nvim/init.lua
[23:39:28.832][info] [#0:script/workspace/loading.lua:173]: Loaded files takes [0.104] sec: file:///root/.config/nvim
[23:39:28.832][info] [#0:script/workspace/loading.lua:182]: Compile files takes [0.000] sec: file:///root/.config/nvim
[23:39:28.832][info] [#0:script/workspace/loading.lua:183]: Loaded finish:	file:///root/.config/nvim
[23:39:28.832][info] [#0:script/workspace/workspace.lua:381]: Preload finish at:	file:///root/.config/nvim
[23:39:28.839][info] [#0:script/provider/diagnostic.lua:560]: Diagnostics scope [file:///root/.config/nvim], files count:[36]
[23:39:29.253][info] [#0:script/provider/diagnostic.lua:577]: Diagnostics scope [file:///root/.config/nvim] finished, takes [0.189] sec.
[23:39:31.930][info] [#0:script/provider/provider.lua:169]: Server shutdown.
[23:39:31.930][warn] [#0:script/pub/report.lua:25]: Load proto error:	Disconnected!
